<?xml version="1.0" encoding="utf-8"?><testsuites name="pytest tests"><testsuite name="pytest" errors="0" failures="0" skipped="0" tests="11" time="2.952" timestamp="2026-05-04T14:08:05.406187+00:00" hostname="agent-env-fa6def18-5239-4f87-b671-0fb7d3031a3f"><testcase classname="backend.tests.test_dashboard.TestAuth" name="test_unauthenticated_returns_401" time="0.330" /><testcase classname="backend.tests.test_dashboard.TestAuth" name="test_invalid_token_returns_401" time="0.115" /><testcase classname="backend.tests.test_dashboard.TestShape" name="test_admin_response_shape" time="0.425" /><testcase classname="backend.tests.test_dashboard.TestShape" name="test_nonadmin_returns_same_shape_no_role_gating" time="0.480" /><testcase classname="backend.tests.test_dashboard.TestOnLeave" name="test_seeded_leave_employee_appears_with_enrichment" time="0.147" /><testcase classname="backend.tests.test_dashboard.TestWFH" name="test_seeded_wfh_employee_appears" time="0.118" /><testcase classname="backend.tests.test_dashboard.TestLate" name="test_late_includes_check_in_and_minutes_and_sorted_desc" time="0.704" /><testcase classname="backend.tests.test_dashboard.TestBirthdays" name="test_birthday_match_and_age_computed" time="0.123" /><testcase classname="backend.tests.test_dashboard.TestBirthdays" name="test_non_matching_dob_is_excluded" time="0.117" /><testcase classname="backend.tests.test_dashboard.TestEmptyEdgeCase" name="test_empty_arrays_when_no_data" time="0.109" /><testcase classname="backend.tests.test_dashboard.TestEmptyEdgeCase" name="test_no_object_id_in_response" time="0.129" /></testsuite></testsuites>