<?xml version="1.0" encoding="utf-8"?><testsuites name="pytest tests"><testsuite name="pytest" errors="0" failures="0" skipped="0" tests="32" time="5.618" timestamp="2026-05-04T10:25:18.168478+00:00" hostname="agent-env-c0e5a2d7-2185-476f-8430-a7e643004f17"><testcase classname="tests.test_leave_mgmt.TestWorkingDays" name="test_mon_to_fri_five" time="0.257" /><testcase classname="tests.test_leave_mgmt.TestWorkingDays" name="test_mon_to_sat_six" time="0.100" /><testcase classname="tests.test_leave_mgmt.TestWorkingDays" name="test_mon_to_sun_excludes_sunday" time="0.106" /><testcase classname="tests.test_leave_mgmt.TestEmployeeEligibilityFlag" name="test_create_employee_with_eligible_true" time="0.436" /><testcase classname="tests.test_leave_mgmt.TestEmployeeEligibilityFlag" name="test_update_employee_toggle_eligible_false" time="0.313" /><testcase classname="tests.test_leave_mgmt.TestEmployeeEligibilityFlag" name="test_cleanup_delete_employee" time="0.106" /><testcase classname="tests.test_leave_mgmt.TestBalanceAccess" name="test_admin_can_get_any_balance" time="0.109" /><testcase classname="tests.test_leave_mgmt.TestBalanceAccess" name="test_employee_gets_own_balance_without_param" time="0.217" /><testcase classname="tests.test_leave_mgmt.TestBalanceAccess" name="test_employee_denied_other_balance" time="0.101" /><testcase classname="tests.test_leave_mgmt.TestCreditAndReset" name="test_credit_monthly_forbidden_for_employee" time="0.116" /><testcase classname="tests.test_leave_mgmt.TestCreditAndReset" name="test_credit_monthly_admin" time="0.100" /><testcase classname="tests.test_leave_mgmt.TestCreditAndReset" name="test_credit_monthly_idempotent" time="0.130" /><testcase classname="tests.test_leave_mgmt.TestCreditAndReset" name="test_reset_yearly_forbidden_for_employee" time="0.102" /><testcase classname="tests.test_leave_mgmt.TestLeaveRequestValidations" name="test_past_date_rejected" time="0.101" /><testcase classname="tests.test_leave_mgmt.TestLeaveRequestValidations" name="test_to_before_from_rejected" time="0.105" /><testcase classname="tests.test_leave_mgmt.TestLeaveRequestValidations" name="test_sunday_start_rejected" time="0.112" /><testcase classname="tests.test_leave_mgmt.TestLeaveRequestValidations" name="test_empty_reason_rejected" time="0.110" /><testcase classname="tests.test_leave_mgmt.TestLeaveRequestValidations" name="test_reason_too_long_rejected" time="0.118" /><testcase classname="tests.test_leave_mgmt.TestLeaveRequestValidations" name="test_halfday_missing_half_day_type" time="0.107" /><testcase classname="tests.test_leave_mgmt.TestE2EFlow" name="test_01_eligibility_set" time="0.689" /><testcase classname="tests.test_leave_mgmt.TestE2EFlow" name="test_02_apply_fullday_uses_paid" time="0.110" /><testcase classname="tests.test_leave_mgmt.TestE2EFlow" name="test_03_overlapping_rejected" time="0.108" /><testcase classname="tests.test_leave_mgmt.TestE2EFlow" name="test_04_list_requests_embeds_employee" time="0.103" /><testcase classname="tests.test_leave_mgmt.TestE2EFlow" name="test_05_employee_cannot_review" time="0.104" /><testcase classname="tests.test_leave_mgmt.TestE2EFlow" name="test_06_admin_approve_deducts_balance" time="0.200" /><testcase classname="tests.test_leave_mgmt.TestE2EFlow" name="test_07_reapprove_rejected" time="0.104" /><testcase classname="tests.test_leave_mgmt.TestE2EFlow" name="test_08_transactions_has_debit" time="0.104" /><testcase classname="tests.test_leave_mgmt.TestE2EFlow" name="test_09_attendance_leave_record_created" time="0.108" /><testcase classname="tests.test_leave_mgmt.TestE2EFlow" name="test_10_other_employee_cannot_cancel" time="0.221" /><testcase classname="tests.test_leave_mgmt.TestE2EFlow" name="test_11_cancel_restores_balance" time="0.206" /><testcase classname="tests.test_leave_mgmt.TestE2EFlow" name="test_12_credit_txn_for_cancellation" time="0.106" /><testcase classname="tests.test_leave_mgmt.TestHalfDayRegular" name="test_halfday_emp_no_balance" time="0.539" /></testsuite></testsuites>