<?xml version="1.0" encoding="utf-8"?><testsuites name="pytest tests"><testsuite name="pytest" errors="0" failures="0" skipped="0" tests="15" time="2.740" timestamp="2026-05-04T13:50:06.020852+00:00" hostname="agent-env-fa6def18-5239-4f87-b671-0fb7d3031a3f"><testcase classname="backend.tests.test_manager_performance.TestAuthAndContract" name="test_get_unauthenticated_returns_401" time="0.268" /><testcase classname="backend.tests.test_manager_performance.TestAuthAndContract" name="test_post_as_nonadmin_returns_403" time="0.655" /><testcase classname="backend.tests.test_manager_performance.TestCreateValidations" name="test_create_invalid_url_returns_400" time="0.129" /><testcase classname="backend.tests.test_manager_performance.TestCreateValidations" name="test_create_invalid_score_returns_400" time="0.127" /><testcase classname="backend.tests.test_manager_performance.TestCreateAndRead" name="test_create_with_valid_report_link" time="0.116" /><testcase classname="backend.tests.test_manager_performance.TestCreateAndRead" name="test_create_duplicate_returns_400" time="0.122" /><testcase classname="backend.tests.test_manager_performance.TestCreateAndRead" name="test_create_with_empty_string_report_link" time="0.118" /><testcase classname="backend.tests.test_manager_performance.TestCreateAndRead" name="test_create_with_null_report_link" time="0.123" /><testcase classname="backend.tests.test_manager_performance.TestCreateAndRead" name="test_get_returns_report_link_no_legacy_fields" time="0.149" /><testcase classname="backend.tests.test_manager_performance.TestCreateAndRead" name="test_get_all_no_legacy_fields" time="0.118" /><testcase classname="backend.tests.test_manager_performance.TestUpdate" name="test_put_recomputes_total_and_updates_link" time="0.113" /><testcase classname="backend.tests.test_manager_performance.TestUpdate" name="test_put_invalid_url_returns_400" time="0.127" /><testcase classname="backend.tests.test_manager_performance.TestUpdate" name="test_put_as_nonadmin_returns_403" time="0.155" /><testcase classname="backend.tests.test_manager_performance.TestUpdate" name="test_put_unknown_perf_id_returns_404" time="0.113" /><testcase classname="backend.tests.test_manager_performance.TestSilentlyIgnoredLegacyFields" name="test_post_with_legacy_notes_fields_is_accepted_and_drops_them" time="0.221" /></testsuite></testsuites>