<?xml version="1.0" encoding="utf-8"?><testsuites name="pytest tests"><testsuite name="pytest" errors="0" failures="0" skipped="0" tests="10" time="2.306" timestamp="2026-04-04T14:41:49.595238+00:00" hostname="agent-env-5f7a2193-ae2c-4d8a-8539-0a6f6f991f53"><testcase classname="backend.tests.test_module2" name="test_get_departments_with_is_system" time="0.202" /><testcase classname="backend.tests.test_module2" name="test_delete_system_department_blocked" time="0.291" /><testcase classname="backend.tests.test_module2" name="test_get_teams" time="0.155" /><testcase classname="backend.tests.test_module2" name="test_create_update_delete_team" time="0.561" /><testcase classname="backend.tests.test_module2" name="test_get_notion_databases" time="0.101" /><testcase classname="backend.tests.test_module2" name="test_create_delete_notion_database" time="0.493" /><testcase classname="backend.tests.test_module2" name="test_get_performance" time="0.118" /><testcase classname="backend.tests.test_module2" name="test_get_me_employee" time="0.103" /><testcase classname="backend.tests.test_module2" name="test_webhook_accepts_data" time="0.094" /><testcase classname="backend.tests.test_module2" name="test_seed_v2" time="0.112" /></testsuite></testsuites>