<?xml version="1.0" encoding="utf-8"?><testsuites name="pytest tests"><testsuite name="pytest" errors="0" failures="0" skipped="0" tests="21" time="2.978" timestamp="2026-04-04T12:16:14.824530+00:00" hostname="agent-env-5f7a2193-ae2c-4d8a-8539-0a6f6f991f53"><testcase classname="backend.tests.test_employee_mgmt.TestHealth" name="test_api_root" time="0.221" /><testcase classname="backend.tests.test_employee_mgmt.TestAuth" name="test_auth_me_with_valid_session" time="0.158" /><testcase classname="backend.tests.test_employee_mgmt.TestAuth" name="test_auth_me_without_session" time="0.132" /><testcase classname="backend.tests.test_employee_mgmt.TestAuth" name="test_access_denied_non_employee" time="0.205" /><testcase classname="backend.tests.test_employee_mgmt.TestDepartments" name="test_get_departments" time="0.117" /><testcase classname="backend.tests.test_employee_mgmt.TestDepartments" name="test_create_department" time="0.131" /><testcase classname="backend.tests.test_employee_mgmt.TestDepartments" name="test_duplicate_department" time="0.150" /><testcase classname="backend.tests.test_employee_mgmt.TestDepartments" name="test_update_department" time="0.128" /><testcase classname="backend.tests.test_employee_mgmt.TestDepartments" name="test_delete_department" time="0.097" /><testcase classname="backend.tests.test_employee_mgmt.TestJobPositions" name="test_get_all_job_positions" time="0.106" /><testcase classname="backend.tests.test_employee_mgmt.TestJobPositions" name="test_get_positions_by_department" time="0.107" /><testcase classname="backend.tests.test_employee_mgmt.TestJobPositions" name="test_create_job_position" time="0.102" /><testcase classname="backend.tests.test_employee_mgmt.TestJobPositions" name="test_delete_job_position" time="0.098" /><testcase classname="backend.tests.test_employee_mgmt.TestStatesAndCities" name="test_get_states" time="0.113" /><testcase classname="backend.tests.test_employee_mgmt.TestStatesAndCities" name="test_get_cities_by_state" time="0.112" /><testcase classname="backend.tests.test_employee_mgmt.TestEmployees" name="test_get_employees" time="0.094" /><testcase classname="backend.tests.test_employee_mgmt.TestEmployees" name="test_get_admin_employee" time="0.109" /><testcase classname="backend.tests.test_employee_mgmt.TestEmployees" name="test_employee_search" time="0.098" /><testcase classname="backend.tests.test_employee_mgmt.TestEmployees" name="test_create_and_delete_employee" time="0.421" /><testcase classname="backend.tests.test_employee_mgmt.TestEmployees" name="test_employee_not_found" time="0.098" /><testcase classname="backend.tests.test_employee_mgmt.TestEmployees" name="test_delete_dept_with_employees_fails" time="0.098" /></testsuite></testsuites>