<?xml version="1.0" encoding="utf-8"?><testsuites name="pytest tests"><testsuite name="pytest" errors="0" failures="0" skipped="0" tests="6" time="1.405" timestamp="2026-04-07T11:54:25.658847+00:00" hostname="agent-env-5f7a2193-ae2c-4d8a-8539-0a6f6f991f53"><testcase classname="backend.tests.test_self_edit.TestSelfEditEndpoint" name="test_gm002_self_edit_success" time="0.335" /><testcase classname="backend.tests.test_self_edit.TestSelfEditEndpoint" name="test_gm002_self_edit_bank_info" time="0.197" /><testcase classname="backend.tests.test_self_edit.TestSelfEditEndpoint" name="test_gm002_self_edit_emergency_contact" time="0.167" /><testcase classname="backend.tests.test_self_edit.TestSelfEditEndpoint" name="test_admin_cannot_self_edit_gm002" time="0.105" /><testcase classname="backend.tests.test_self_edit.TestSelfEditEndpoint" name="test_self_edit_nonexistent_employee" time="0.183" /><testcase classname="backend.tests.test_self_edit.TestSelfEditEndpoint" name="test_self_edit_locked_fields_ignored" time="0.355" /></testsuite></testsuites>